[2024-10-28T19:14:21.703528+00:00] Logger.INFO: El jugador Pepe introduce una ficha en la columna: 4 [] []
[2024-10-28T19:14:39.868152+00:00] Logger.INFO: El jugador Pepe introduce una ficha en la columna: 5 [] []
[2024-10-28T19:14:49.081363+00:00] Logger.INFO: El jugador Pepe introduce una ficha en la columna: 4 [] []
[2024-10-28T19:14:53.199146+00:00] Logger.INFO: El jugador Pepe introduce una ficha en la columna: 7 [] []
[2024-10-28T19:14:57.027405+00:00] Logger.INFO: El jugador Pepe introduce una ficha en la columna: 2 [] []
[2024-10-28T19:21:18.660561+00:00] Logger.INFO: El jugador Maquinon introduce una ficha en la columna: 4 [] []
[2024-10-28T19:21:21.232273+00:00] Logger.INFO: El jugador Pepe introduce una ficha en la columna: 4 [] []
[2024-10-28T19:21:22.019491+00:00] Logger.INFO: El jugador Maquinon introduce una ficha en la columna: 4 [] []
[2024-10-28T19:21:22.550497+00:00] Logger.INFO: El jugador Pepe introduce una ficha en la columna: 4 [] []
[2024-10-28T19:21:22.904015+00:00] Logger.INFO: El jugador Maquinon introduce una ficha en la columna: 5 [] []
[2024-10-28T19:21:23.221190+00:00] Logger.INFO: El jugador Pepe introduce una ficha en la columna: 4 [] []
[2024-10-28T19:21:23.422366+00:00] Logger.INFO: El jugador Maquinon introduce una ficha en la columna: 5 [] []
[2024-10-28T19:21:23.882908+00:00] Logger.INFO: El jugador Pepe introduce una ficha en la columna: 4 [] []
[2024-10-28T19:21:24.097410+00:00] Logger.INFO: El jugador Maquinon introduce una ficha en la columna: 5 [] []
[2024-10-28T19:21:24.484332+00:00] Logger.INFO: El jugador Pepe introduce una ficha en la columna: 4 [] []
[2024-10-28T19:22:51.722629+00:00] Logger.INFO: El jugador Pepe introduce una ficha en la columna: 7 [] []
[2024-10-28T19:22:52.238747+00:00] Logger.INFO: El jugador Maquinon introduce una ficha en la columna: 5 [] []
[2024-10-28T19:22:52.734078+00:00] Logger.INFO: El jugador Pepe introduce una ficha en la columna: 7 [] []
[2024-10-28T19:22:53.361836+00:00] Logger.INFO: El jugador Maquinon introduce una ficha en la columna: 5 [] []
[2024-10-28T19:22:53.734031+00:00] Logger.INFO: El jugador Pepe introduce una ficha en la columna: 7 [] []
[2024-10-28T19:22:54.203943+00:00] Logger.INFO: El jugador Maquinon introduce una ficha en la columna: 4 [] []
[2024-10-28T19:22:54.702127+00:00] Logger.INFO: El jugador Pepe introduce una ficha en la columna: 6 [] []
[2024-10-28T19:22:55.513576+00:00] Logger.INFO: El jugador Maquinon introduce una ficha en la columna: 3 [] []
[2024-10-28T19:22:56.155175+00:00] Logger.INFO: El jugador Pepe introduce una ficha en la columna: 6 [] []
[2024-10-28T19:22:56.935342+00:00] Logger.INFO: El jugador Maquinon introduce una ficha en la columna:  [] []
[2024-10-28T19:27:22.839332+00:00] Logger.INFO: El jugador Pepe introduce una ficha en la columna: 4 [] []
[2024-10-28T19:27:23.052052+00:00] Logger.INFO: El jugador Maquinon introduce una ficha en la columna: 4 [] []
[2024-10-28T19:27:23.286363+00:00] Logger.INFO: El jugador Pepe introduce una ficha en la columna: 4 [] []
[2024-10-28T19:27:23.731560+00:00] Logger.INFO: El jugador Maquinon introduce una ficha en la columna: 5 [] []
[2024-10-28T19:27:24.137834+00:00] Logger.INFO: El jugador Pepe introduce una ficha en la columna: 4 [] []
[2024-10-28T19:27:24.345552+00:00] Logger.INFO: El jugador Maquinon introduce una ficha en la columna: 4 [] []
[2024-10-28T19:27:24.545901+00:00] Logger.INFO: El jugador Pepe introduce una ficha en la columna: 4 [] []
[2024-10-28T19:27:24.756917+00:00] Logger.INFO: El jugador Maquinon introduce una ficha en la columna: 4 [] []
[2024-10-28T19:27:24.992070+00:00] Logger.INFO: El jugador Pepe introduce una ficha en la columna: 4 [] []
[2024-10-28T19:27:25.196804+00:00] Logger.INFO: El jugador Maquinon introduce una ficha en la columna: 3 [] []
[2024-10-28T19:27:25.393887+00:00] Logger.INFO: El jugador Pepe introduce una ficha en la columna: 4 [] []
[2024-10-28T19:27:25.581732+00:00] Logger.INFO: El jugador Maquinon introduce una ficha en la columna: 5 [] []
[2024-10-28T19:27:25.785032+00:00] Logger.INFO: El jugador Pepe introduce una ficha en la columna: 4 [] []
[2024-10-28T19:27:25.986929+00:00] Logger.INFO: El jugador Maquinon introduce una ficha en la columna: 4 [] []
[2024-10-28T19:27:26.190667+00:00] Logger.INFO: El jugador Pepe introduce una ficha en la columna: 4 [] []
[2024-10-28T19:27:26.551177+00:00] Logger.INFO: El jugador Maquinon introduce una ficha en la columna: 3 [] []
[2024-10-28T19:27:26.911575+00:00] Logger.INFO: El jugador Pepe introduce una ficha en la columna: 4 [] []
[2024-10-28T19:27:27.102914+00:00] Logger.INFO: El jugador Maquinon introduce una ficha en la columna: 5 [] []
[2024-10-28T19:27:27.503470+00:00] Logger.INFO: El jugador Pepe introduce una ficha en la columna: 4 [] []
[2024-10-28T19:27:27.843064+00:00] Logger.INFO: El jugador Maquinon introduce una ficha en la columna:  [] []
[2024-10-28T19:32:18.746245+00:00] Logger.INFO: El jugador Pepe introduce una ficha en la columna: 3 [] []
[2024-10-28T19:32:19.771337+00:00] Logger.INFO: El jugador Maquinon introduce una ficha en la columna: 4 [] []
[2024-10-28T19:32:20.343090+00:00] Logger.INFO: El jugador Pepe introduce una ficha en la columna: 4 [] []
[2024-10-28T19:32:20.714535+00:00] Logger.INFO: El jugador Maquinon introduce una ficha en la columna: 5 [] []
[2024-10-28T19:32:20.954542+00:00] Logger.INFO: El jugador Pepe introduce una ficha en la columna: 4 [] []
[2024-10-28T19:32:21.255630+00:00] Logger.INFO: El jugador Maquinon introduce una ficha en la columna: 5 [] []
[2024-10-28T19:32:21.635704+00:00] Logger.INFO: El jugador Pepe introduce una ficha en la columna: 4 [] []
[2024-10-28T19:32:21.966382+00:00] Logger.INFO: El jugador Maquinon introduce una ficha en la columna: 4 [] []
[2024-10-28T19:32:22.344356+00:00] Logger.INFO: El jugador Pepe introduce una ficha en la columna: 4 [] []
[2024-10-28T19:32:22.716173+00:00] Logger.INFO: El jugador Maquinon introduce una ficha en la columna: 4 [] []
[2024-10-28T19:32:23.120153+00:00] Logger.INFO: El jugador Pepe introduce una ficha en la columna: 4 [] []
[2024-10-28T19:32:23.470103+00:00] Logger.INFO: El jugador Maquinon introduce una ficha en la columna: 5 [] []
[2024-10-28T19:32:23.714219+00:00] Logger.INFO: El jugador Pepe introduce una ficha en la columna: 4 [] []
[2024-10-28T19:32:24.015725+00:00] Logger.INFO: El jugador Maquinon introduce una ficha en la columna:  [] []
[2024-10-28T19:32:28.579740+00:00] Logger.INFO: El jugador Pepe introduce una ficha en la columna: 4 [] []
[2024-10-28T19:32:28.918313+00:00] Logger.INFO: El jugador Maquinon introduce una ficha en la columna: 4 [] []
[2024-10-28T19:32:29.261999+00:00] Logger.INFO: El jugador Pepe introduce una ficha en la columna: 4 [] []
[2024-10-28T19:32:29.605910+00:00] Logger.INFO: El jugador Maquinon introduce una ficha en la columna: 4 [] []
[2024-10-28T19:32:29.812157+00:00] Logger.INFO: El jugador Pepe introduce una ficha en la columna: 4 [] []
[2024-10-28T19:32:30.141842+00:00] Logger.INFO: El jugador Maquinon introduce una ficha en la columna: 3 [] []
[2024-10-28T19:32:30.506686+00:00] Logger.INFO: El jugador Pepe introduce una ficha en la columna: 4 [] []
[2024-10-28T19:32:30.897708+00:00] Logger.INFO: El jugador Maquinon introduce una ficha en la columna: 3 [] []
[2024-10-28T19:32:31.131670+00:00] Logger.INFO: El jugador Pepe introduce una ficha en la columna: 4 [] []
[2024-10-28T19:32:31.480128+00:00] Logger.INFO: El jugador Maquinon introduce una ficha en la columna: 3 [] []
[2024-10-28T19:32:31.728060+00:00] Logger.INFO: El jugador Pepe introduce una ficha en la columna: 4 [] []
[2024-10-28T19:32:32.047696+00:00] Logger.INFO: El jugador Maquinon introduce una ficha en la columna:  [] []
[2024-10-28T19:34:46.708661+00:00] Logger.INFO: El jugador Pepe introduce una ficha en la columna: 4 [] []
[2024-10-28T19:34:46.881550+00:00] Logger.INFO: El jugador Maquinon introduce una ficha en la columna: 3 [] []
[2024-10-28T19:34:47.018647+00:00] Logger.INFO: El jugador Pepe introduce una ficha en la columna: 4 [] []
[2024-10-28T19:34:47.126721+00:00] Logger.INFO: El jugador Maquinon introduce una ficha en la columna: 5 [] []
[2024-10-28T19:34:47.415102+00:00] Logger.INFO: El jugador Pepe introduce una ficha en la columna: 4 [] []
[2024-10-28T19:34:47.610557+00:00] Logger.INFO: El jugador Maquinon introduce una ficha en la columna: 3 [] []
[2024-10-28T19:34:48.938139+00:00] Logger.INFO: El jugador Pepe introduce una ficha en la columna: 5 [] []
[2024-10-28T19:34:49.293091+00:00] Logger.INFO: El jugador Maquinon introduce una ficha en la columna: 3 [] []
[2024-10-28T19:34:49.777506+00:00] Logger.INFO: El jugador Pepe introduce una ficha en la columna: 5 [] []
[2024-10-28T19:34:50.204233+00:00] Logger.INFO: El jugador Maquinon introduce una ficha en la columna:  [] []
[2024-10-28T19:34:52.957254+00:00] Logger.INFO: El jugador Pepe introduce una ficha en la columna: 4 [] []
[2024-10-28T19:34:53.141480+00:00] Logger.INFO: El jugador Maquinon introduce una ficha en la columna: 5 [] []
[2024-10-28T19:34:53.347860+00:00] Logger.INFO: El jugador Pepe introduce una ficha en la columna: 4 [] []
[2024-10-28T19:34:53.680883+00:00] Logger.INFO: El jugador Maquinon introduce una ficha en la columna: 3 [] []
[2024-10-28T19:34:54.316243+00:00] Logger.INFO: El jugador Pepe introduce una ficha en la columna: 4 [] []
[2024-10-28T19:34:54.524064+00:00] Logger.INFO: El jugador Maquinon introduce una ficha en la columna: 4 [] []
[2024-10-28T19:34:55.341252+00:00] Logger.INFO: El jugador Pepe introduce una ficha en la columna: 4 [] []
[2024-10-28T19:34:55.556871+00:00] Logger.INFO: El jugador Maquinon introduce una ficha en la columna: 3 [] []
[2024-10-28T19:34:56.002688+00:00] Logger.INFO: El jugador Pepe introduce una ficha en la columna: 4 [] []
[2024-10-28T19:34:56.415618+00:00] Logger.INFO: El jugador Maquinon introduce una ficha en la columna: 4 [] []
[2024-10-28T19:34:56.879344+00:00] Logger.INFO: El jugador Pepe introduce una ficha en la columna: 4 [] []
[2024-10-28T19:34:57.281276+00:00] Logger.INFO: El jugador Maquinon introduce una ficha en la columna: 4 [] []
[2024-10-28T19:34:57.627386+00:00] Logger.INFO: El jugador Pepe introduce una ficha en la columna: 4 [] []
[2024-10-28T19:34:57.904842+00:00] Logger.INFO: El jugador Maquinon introduce una ficha en la columna: 3 [] []
[2024-10-28T19:34:58.182860+00:00] Logger.INFO: El jugador Pepe introduce una ficha en la columna: 4 [] []
[2024-10-28T19:34:58.479387+00:00] Logger.INFO: El jugador Maquinon introduce una ficha en la columna:  [] []
[2024-10-29T17:40:53.841712+00:00] Logger.INFO: El jugador juan introduce una ficha en la columna: 4 [] []
[2024-10-29T17:40:54.196666+00:00] Logger.INFO: El jugador Maquinon introduce una ficha en la columna: 4 [] []
[2024-10-29T17:40:54.560167+00:00] Logger.INFO: El jugador juan introduce una ficha en la columna: 4 [] []
[2024-10-29T17:40:54.925849+00:00] Logger.INFO: El jugador Maquinon introduce una ficha en la columna: 3 [] []
[2024-10-29T17:40:55.362039+00:00] Logger.INFO: El jugador juan introduce una ficha en la columna: 4 [] []
[2024-10-29T17:40:55.726700+00:00] Logger.INFO: El jugador Maquinon introduce una ficha en la columna: 4 [] []
[2024-10-29T17:40:56.127755+00:00] Logger.INFO: El jugador juan introduce una ficha en la columna: 4 [] []
[2024-10-29T17:40:56.480169+00:00] Logger.INFO: El jugador Maquinon introduce una ficha en la columna: 3 [] []
[2024-10-29T17:40:56.872463+00:00] Logger.INFO: El jugador juan introduce una ficha en la columna: 4 [] []
[2024-10-29T17:40:57.273197+00:00] Logger.INFO: El jugador Maquinon introduce una ficha en la columna: 3 [] []
[2024-10-29T17:40:57.672795+00:00] Logger.INFO: El jugador juan introduce una ficha en la columna: 4 [] []
[2024-10-29T17:40:58.062426+00:00] Logger.INFO: El jugador Maquinon introduce una ficha en la columna:  [] []
[2024-10-29T17:41:44.476217+00:00] Logger.INFO: El jugador juan introduce una ficha en la columna: 7 [] []
[2024-10-29T17:41:44.846736+00:00] Logger.INFO: El jugador Maquinon introduce una ficha en la columna: 5 [] []
[2024-10-29T17:41:45.041526+00:00] Logger.INFO: El jugador juan introduce una ficha en la columna: 7 [] []
[2024-10-29T17:41:45.444688+00:00] Logger.INFO: El jugador Maquinon introduce una ficha en la columna: 3 [] []
[2024-10-29T17:41:45.857758+00:00] Logger.INFO: El jugador juan introduce una ficha en la columna: 7 [] []
[2024-10-29T17:41:46.250566+00:00] Logger.INFO: El jugador Maquinon introduce una ficha en la columna: 3 [] []
[2024-10-29T17:41:46.612768+00:00] Logger.INFO: El jugador juan introduce una ficha en la columna: 7 [] []
[2024-10-29T17:41:48.922923+00:00] Logger.INFO: El jugador juan introduce una ficha en la columna: 4 [] []
[2024-10-29T17:41:49.290722+00:00] Logger.INFO: El jugador Maquinon introduce una ficha en la columna: 3 [] []
[2024-10-29T17:41:49.712290+00:00] Logger.INFO: El jugador juan introduce una ficha en la columna: 4 [] []
[2024-10-29T17:41:50.096107+00:00] Logger.INFO: El jugador Maquinon introduce una ficha en la columna: 3 [] []
[2024-10-29T17:41:50.466597+00:00] Logger.INFO: El jugador juan introduce una ficha en la columna: 4 [] []
[2024-10-29T17:41:50.868026+00:00] Logger.INFO: El jugador Maquinon introduce una ficha en la columna: 3 [] []
[2024-10-29T17:41:51.248447+00:00] Logger.INFO: El jugador juan introduce una ficha en la columna: 4 [] []
[2024-10-29T17:41:53.495481+00:00] Logger.INFO: El jugador juan introduce una ficha en la columna: 4 [] []
[2024-10-29T17:41:53.866466+00:00] Logger.INFO: El jugador Maquinon introduce una ficha en la columna: 5 [] []
[2024-10-29T17:41:54.295913+00:00] Logger.INFO: El jugador juan introduce una ficha en la columna: 4 [] []
[2024-10-29T17:41:54.686304+00:00] Logger.INFO: El jugador Maquinon introduce una ficha en la columna: 4 [] []
[2024-10-29T17:41:55.081602+00:00] Logger.INFO: El jugador juan introduce una ficha en la columna: 4 [] []
[2024-10-29T17:41:55.417498+00:00] Logger.INFO: El jugador Maquinon introduce una ficha en la columna: 5 [] []
[2024-10-29T17:41:55.818694+00:00] Logger.INFO: El jugador juan introduce una ficha en la columna: 4 [] []
[2024-10-29T17:41:56.220848+00:00] Logger.INFO: El jugador Maquinon introduce una ficha en la columna: 4 [] []
[2024-10-29T17:41:56.614438+00:00] Logger.INFO: El jugador juan introduce una ficha en la columna: 4 [] []
[2024-10-29T17:41:56.998966+00:00] Logger.INFO: El jugador Maquinon introduce una ficha en la columna: 3 [] []
[2024-10-29T17:41:57.349984+00:00] Logger.INFO: El jugador juan introduce una ficha en la columna: 4 [] []
[2024-10-29T17:41:57.669455+00:00] Logger.INFO: El jugador Maquinon introduce una ficha en la columna: 4 [] []
[2024-10-29T17:45:08.810271+00:00] Logger.INFO: El jugador maik introduce una ficha en la columna: 4 [] []
[2024-10-29T17:45:09.504625+00:00] Logger.INFO: El jugador Maquinon introduce una ficha en la columna: 5 [] []
[2024-10-29T17:45:09.910092+00:00] Logger.INFO: El jugador maik introduce una ficha en la columna: 4 [] []
[2024-10-29T17:45:10.309442+00:00] Logger.INFO: El jugador Maquinon introduce una ficha en la columna: 3 [] []
[2024-10-29T17:45:10.656404+00:00] Logger.INFO: El jugador maik introduce una ficha en la columna: 4 [] []
[2024-10-29T17:45:10.861824+00:00] Logger.INFO: El jugador Maquinon introduce una ficha en la columna: 4 [] []
[2024-10-29T17:45:11.061312+00:00] Logger.INFO: El jugador maik introduce una ficha en la columna: 4 [] []
[2024-10-29T17:45:11.293649+00:00] Logger.INFO: El jugador Maquinon introduce una ficha en la columna: 4 [] []
[2024-10-29T17:45:11.680006+00:00] Logger.INFO: El jugador maik introduce una ficha en la columna: 4 [] []
[2024-10-29T17:45:12.058125+00:00] Logger.INFO: El jugador Maquinon introduce una ficha en la columna: 4 [] []
[2024-10-29T17:45:12.438059+00:00] Logger.INFO: El jugador maik introduce una ficha en la columna: 4 [] []
[2024-10-29T17:45:12.771099+00:00] Logger.INFO: El jugador Maquinon introduce una ficha en la columna: 3 [] []
[2024-10-29T17:45:13.126228+00:00] Logger.INFO: El jugador maik introduce una ficha en la columna: 4 [] []
[2024-10-29T17:45:13.500768+00:00] Logger.INFO: El jugador Maquinon introduce una ficha en la columna: 5 [] []
[2024-10-29T17:45:13.989126+00:00] Logger.INFO: El jugador maik introduce una ficha en la columna: 4 [] []
[2024-10-29T17:45:14.782017+00:00] Logger.INFO: El jugador Maquinon introduce una ficha en la columna: 3 [] []
[2024-10-29T17:45:15.164313+00:00] Logger.INFO: El jugador maik introduce una ficha en la columna: 4 [] []
[2024-10-29T17:45:15.450697+00:00] Logger.INFO: El jugador Maquinon introduce una ficha en la columna:  [] []
[2024-10-29T17:46:38.639143+00:00] Logger.INFO: El jugador maik introduce una ficha en la columna: 4 [] []
[2024-10-29T17:46:38.810749+00:00] Logger.INFO: El jugador Maquinon introduce una ficha en la columna: 3 [] []
[2024-10-29T17:46:38.989890+00:00] Logger.INFO: El jugador maik introduce una ficha en la columna: 4 [] []
[2024-10-29T17:46:39.375053+00:00] Logger.INFO: El jugador Maquinon introduce una ficha en la columna: 5 [] []
[2024-10-29T17:46:39.715571+00:00] Logger.INFO: El jugador maik introduce una ficha en la columna: 4 [] []
[2024-10-29T17:46:40.087367+00:00] Logger.INFO: El jugador Maquinon introduce una ficha en la columna: 5 [] []
[2024-10-29T17:46:40.428436+00:00] Logger.INFO: El jugador maik introduce una ficha en la columna: 4 [] []
[2024-10-29T17:46:43.219643+00:00] Logger.INFO: El jugador maik introduce una ficha en la columna: 4 [] []
[2024-10-29T17:46:43.610541+00:00] Logger.INFO: El jugador Maquinon introduce una ficha en la columna: 4 [] []
[2024-10-29T17:46:43.960436+00:00] Logger.INFO: El jugador maik introduce una ficha en la columna: 4 [] []
[2024-10-29T17:46:44.327747+00:00] Logger.INFO: El jugador Maquinon introduce una ficha en la columna: 5 [] []
[2024-10-29T17:46:44.653482+00:00] Logger.INFO: El jugador maik introduce una ficha en la columna: 4 [] []
[2024-10-29T17:46:45.039188+00:00] Logger.INFO: El jugador Maquinon introduce una ficha en la columna: 3 [] []
[2024-10-29T17:46:45.384501+00:00] Logger.INFO: El jugador maik introduce una ficha en la columna: 4 [] []
[2024-10-29T17:46:45.780077+00:00] Logger.INFO: El jugador Maquinon introduce una ficha en la columna: 5 [] []
[2024-10-29T17:46:46.115788+00:00] Logger.INFO: El jugador maik introduce una ficha en la columna: 4 [] []
[2024-10-29T17:46:48.855457+00:00] Logger.INFO: El jugador maik introduce una ficha en la columna: 4 [] []
[2024-10-29T17:46:49.221656+00:00] Logger.INFO: El jugador Maquinon introduce una ficha en la columna: 4 [] []
[2024-10-29T17:46:49.646091+00:00] Logger.INFO: El jugador maik introduce una ficha en la columna: 4 [] []
[2024-10-29T17:46:49.934220+00:00] Logger.INFO: El jugador Maquinon introduce una ficha en la columna: 5 [] []
[2024-10-29T17:46:50.115631+00:00] Logger.INFO: El jugador maik introduce una ficha en la columna: 4 [] []
[2024-10-29T17:46:50.350642+00:00] Logger.INFO: El jugador Maquinon introduce una ficha en la columna: 3 [] []
[2024-10-29T17:46:50.700547+00:00] Logger.INFO: El jugador maik introduce una ficha en la columna: 4 [] []
[2024-10-29T17:46:50.911446+00:00] Logger.INFO: El jugador Maquinon introduce una ficha en la columna: 5 [] []
[2024-10-29T17:46:51.112353+00:00] Logger.INFO: El jugador maik introduce una ficha en la columna: 4 [] []
[2024-10-29T17:46:53.734652+00:00] Logger.INFO: El jugador maik introduce una ficha en la columna: 4 [] []
[2024-10-29T17:46:54.136782+00:00] Logger.INFO: El jugador Maquinon introduce una ficha en la columna: 5 [] []
[2024-10-29T17:46:54.363940+00:00] Logger.INFO: El jugador maik introduce una ficha en la columna: 4 [] []
[2024-10-29T17:46:54.753029+00:00] Logger.INFO: El jugador Maquinon introduce una ficha en la columna: 3 [] []
[2024-10-29T17:46:55.124970+00:00] Logger.INFO: El jugador maik introduce una ficha en la columna: 4 [] []
[2024-10-29T17:46:55.551876+00:00] Logger.INFO: El jugador Maquinon introduce una ficha en la columna: 3 [] []
[2024-10-29T17:46:55.896246+00:00] Logger.INFO: El jugador maik introduce una ficha en la columna: 4 [] []
[2024-10-29T17:46:57.799415+00:00] Logger.INFO: El jugador maik introduce una ficha en la columna: 4 [] []
[2024-10-29T17:46:58.079131+00:00] Logger.INFO: El jugador Maquinon introduce una ficha en la columna: 4 [] []
[2024-10-29T17:46:58.315949+00:00] Logger.INFO: El jugador maik introduce una ficha en la columna: 4 [] []
[2024-10-29T17:46:58.588139+00:00] Logger.INFO: El jugador Maquinon introduce una ficha en la columna: 3 [] []
[2024-10-29T17:46:58.863216+00:00] Logger.INFO: El jugador maik introduce una ficha en la columna: 4 [] []
[2024-10-29T17:46:59.138993+00:00] Logger.INFO: El jugador Maquinon introduce una ficha en la columna: 4 [] []
[2024-10-29T17:47:00.726475+00:00] Logger.INFO: El jugador maik introduce una ficha en la columna: 4 [] []
[2024-10-29T17:47:02.930625+00:00] Logger.INFO: El jugador Maquinon introduce una ficha en la columna: 3 [] []
[2024-10-29T17:47:03.061919+00:00] Logger.INFO: El jugador maik introduce una ficha en la columna: 4 [] []
[2024-10-29T17:47:03.358505+00:00] Logger.INFO: El jugador Maquinon introduce una ficha en la columna: 4 [] []
[2024-10-29T17:47:03.536525+00:00] Logger.INFO: El jugador maik introduce una ficha en la columna: 4 [] []
[2024-10-29T17:47:03.710888+00:00] Logger.INFO: El jugador Maquinon introduce una ficha en la columna: 4 [] []
[2024-10-29T17:47:04.081978+00:00] Logger.INFO: El jugador maik introduce una ficha en la columna: 4 [] []
[2024-10-29T17:47:04.427804+00:00] Logger.INFO: El jugador Maquinon introduce una ficha en la columna: 3 [] []
[2024-10-29T17:47:04.622870+00:00] Logger.INFO: El jugador maik introduce una ficha en la columna: 4 [] []
[2024-10-29T17:47:04.985358+00:00] Logger.INFO: El jugador Maquinon introduce una ficha en la columna:  [] []
[2024-10-29T17:55:30.828171+00:00] Logger.INFO: El jugador maik introduce una ficha en la columna: 4 [] []
[2024-10-29T17:55:31.177090+00:00] Logger.INFO: El jugador Maquinon introduce una ficha en la columna: 4 [] []
[2024-10-29T17:55:31.586531+00:00] Logger.INFO: El jugador maik introduce una ficha en la columna: 4 [] []
[2024-10-29T17:55:31.799278+00:00] Logger.INFO: El jugador Maquinon introduce una ficha en la columna: 3 [] []
[2024-10-29T17:55:32.012817+00:00] Logger.INFO: El jugador maik introduce una ficha en la columna: 4 [] []
[2024-10-29T17:55:32.195731+00:00] Logger.INFO: El jugador Maquinon introduce una ficha en la columna: 4 [] []
[2024-10-29T17:55:32.399583+00:00] Logger.INFO: El jugador maik introduce una ficha en la columna: 4 [] []
[2024-10-29T17:55:32.575817+00:00] Logger.INFO: El jugador Maquinon introduce una ficha en la columna: 4 [] []
[2024-10-29T17:55:32.812233+00:00] Logger.INFO: El jugador maik introduce una ficha en la columna: 4 [] []
[2024-10-29T17:55:33.189228+00:00] Logger.INFO: El jugador Maquinon introduce una ficha en la columna: 4 [] []
[2024-10-29T17:55:33.506880+00:00] Logger.INFO: El jugador maik introduce una ficha en la columna: 4 [] []
[2024-10-29T17:55:33.848825+00:00] Logger.INFO: El jugador Maquinon introduce una ficha en la columna: 5 [] []
[2024-10-29T17:55:36.252863+00:00] Logger.INFO: El jugador maik introduce una ficha en la columna: 4 [] []
[2024-10-29T17:55:36.420965+00:00] Logger.INFO: El jugador Maquinon introduce una ficha en la columna: 5 [] []
[2024-10-29T17:55:36.609586+00:00] Logger.INFO: El jugador maik introduce una ficha en la columna: 4 [] []
[2024-10-29T17:58:00.414935+00:00] Logger.INFO: El jugador Maquinon introduce una ficha en la columna: 4 [] []
[2024-10-29T17:58:00.886517+00:00] Logger.INFO: El jugador maik introduce una ficha en la columna: 4 [] []
[2024-10-29T17:58:02.665880+00:00] Logger.INFO: El jugador Maquinon introduce una ficha en la columna: 5 [] []
[2024-10-29T17:58:03.002749+00:00] Logger.INFO: El jugador maik introduce una ficha en la columna: 4 [] []
[2024-10-29T17:58:03.414325+00:00] Logger.INFO: El jugador Maquinon introduce una ficha en la columna:  [] []
[2024-10-29T17:58:05.664034+00:00] Logger.INFO: El jugador maik introduce una ficha en la columna: 4 [] []
[2024-10-29T17:58:06.019214+00:00] Logger.INFO: El jugador Maquinon introduce una ficha en la columna: 3 [] []
[2024-10-29T17:58:06.391143+00:00] Logger.INFO: El jugador maik introduce una ficha en la columna: 4 [] []
[2024-10-29T17:58:06.773414+00:00] Logger.INFO: El jugador Maquinon introduce una ficha en la columna: 4 [] []
[2024-10-29T17:58:07.183251+00:00] Logger.INFO: El jugador maik introduce una ficha en la columna: 4 [] []
[2024-10-29T17:58:07.524081+00:00] Logger.INFO: El jugador Maquinon introduce una ficha en la columna: 5 [] []
[2024-10-29T17:58:07.889939+00:00] Logger.INFO: El jugador maik introduce una ficha en la columna: 4 [] []
[2024-10-29T17:58:08.225311+00:00] Logger.INFO: El jugador Maquinon introduce una ficha en la columna: 4 [] []
[2024-10-29T17:58:08.424556+00:00] Logger.INFO: El jugador maik introduce una ficha en la columna: 4 [] []
[2024-10-29T17:58:08.621044+00:00] Logger.INFO: El jugador Maquinon introduce una ficha en la columna: 4 [] []
[2024-10-29T17:58:08.791959+00:00] Logger.INFO: El jugador maik introduce una ficha en la columna: 4 [] []
[2024-10-29T17:58:08.947204+00:00] Logger.INFO: El jugador Maquinon introduce una ficha en la columna: 4 [] []
[2024-10-29T17:58:09.130775+00:00] Logger.INFO: El jugador maik introduce una ficha en la columna: 4 [] []
[2024-10-29T17:58:09.279216+00:00] Logger.INFO: El jugador Maquinon introduce una ficha en la columna: 3 [] []
[2024-10-29T17:58:09.499130+00:00] Logger.INFO: El jugador maik introduce una ficha en la columna: 4 [] []
[2024-10-29T17:58:09.840648+00:00] Logger.INFO: El jugador Maquinon introduce una ficha en la columna: 3 [] []
[2024-10-29T17:58:10.159880+00:00] Logger.INFO: El jugador maik introduce una ficha en la columna: 4 [] []
[2024-10-29T17:58:10.500612+00:00] Logger.INFO: El jugador Maquinon introduce una ficha en la columna:  [] []
[2024-10-29T17:59:24.549078+00:00] Logger.INFO: El jugador Pepe introduce una ficha en la columna: 2 [] []
[2024-10-29T17:59:24.890995+00:00] Logger.INFO: El jugador Maquinon introduce una ficha en la columna: 4 [] []
[2024-10-29T17:59:25.202390+00:00] Logger.INFO: El jugador Pepe introduce una ficha en la columna: 2 [] []
[2024-10-29T17:59:25.567457+00:00] Logger.INFO: El jugador Maquinon introduce una ficha en la columna: 3 [] []
[2024-10-29T17:59:25.917595+00:00] Logger.INFO: El jugador Pepe introduce una ficha en la columna: 2 [] []
[2024-10-29T17:59:26.266699+00:00] Logger.INFO: El jugador Maquinon introduce una ficha en la columna: 3 [] []
[2024-10-29T17:59:26.658505+00:00] Logger.INFO: El jugador Pepe introduce una ficha en la columna: 2 [] []
[2024-10-29T17:59:29.297785+00:00] Logger.INFO: El jugador Pepe introduce una ficha en la columna: 4 [] []
[2024-10-29T17:59:29.668991+00:00] Logger.INFO: El jugador Maquinon introduce una ficha en la columna: 3 [] []
[2024-10-29T17:59:29.864157+00:00] Logger.INFO: El jugador Pepe introduce una ficha en la columna: 4 [] []
[2024-10-29T17:59:30.034282+00:00] Logger.INFO: El jugador Maquinon introduce una ficha en la columna: 3 [] []
[2024-10-29T17:59:30.214290+00:00] Logger.INFO: El jugador Pepe introduce una ficha en la columna: 4 [] []
[2024-10-29T17:59:30.428953+00:00] Logger.INFO: El jugador Maquinon introduce una ficha en la columna: 5 [] []
[2024-10-29T17:59:30.594646+00:00] Logger.INFO: El jugador Pepe introduce una ficha en la columna: 4 [] []
[2024-10-29T17:59:32.886807+00:00] Logger.INFO: El jugador Pepe introduce una ficha en la columna: 4 [] []
[2024-10-29T17:59:33.220285+00:00] Logger.INFO: El jugador Maquinon introduce una ficha en la columna: 5 [] []
[2024-10-29T17:59:33.635306+00:00] Logger.INFO: El jugador Pepe introduce una ficha en la columna: 4 [] []
[2024-10-29T17:59:34.031435+00:00] Logger.INFO: El jugador Maquinon introduce una ficha en la columna: 4 [] []
[2024-10-29T17:59:34.425090+00:00] Logger.INFO: El jugador Pepe introduce una ficha en la columna: 4 [] []
[2024-10-29T17:59:34.847084+00:00] Logger.INFO: El jugador Maquinon introduce una ficha en la columna: 5 [] []
[2024-10-29T17:59:35.144975+00:00] Logger.INFO: El jugador Pepe introduce una ficha en la columna: 4 [] []
[2024-10-29T17:59:35.342359+00:00] Logger.INFO: El jugador Maquinon introduce una ficha en la columna: 4 [] []
[2024-10-29T17:59:35.519081+00:00] Logger.INFO: El jugador Pepe introduce una ficha en la columna: 4 [] []
[2024-10-29T17:59:35.701884+00:00] Logger.INFO: El jugador Maquinon introduce una ficha en la columna: 4 [] []
[2024-10-29T17:59:35.913648+00:00] Logger.INFO: El jugador Pepe introduce una ficha en la columna: 4 [] []
[2024-10-29T17:59:36.311151+00:00] Logger.INFO: El jugador Maquinon introduce una ficha en la columna: 5 [] []
[2024-10-29T18:01:40.782394+00:00] Logger.INFO: El jugador Pepe introduce una ficha en la columna: 4 [] []
[2024-10-29T18:01:44.358870+00:00] Logger.INFO: El jugador Maquinon introduce una ficha en la columna: 4 [] []
[2024-10-29T18:01:44.637418+00:00] Logger.INFO: El jugador Pepe introduce una ficha en la columna: 4 [] []
[2024-10-29T18:01:46.885868+00:00] Logger.INFO: El jugador Maquinon introduce una ficha en la columna: 5 [] []
[2024-10-29T18:01:47.047511+00:00] Logger.INFO: El jugador Pepe introduce una ficha en la columna: 4 [] []
[2024-10-29T18:01:47.697519+00:00] Logger.INFO: El jugador Maquinon introduce una ficha en la columna: 4 [] []
[2024-10-29T18:01:48.085322+00:00] Logger.INFO: El jugador Pepe introduce una ficha en la columna: 4 [] []
[2024-10-29T18:01:48.391287+00:00] Logger.INFO: El jugador Maquinon introduce una ficha en la columna: 3 [] []
[2024-10-29T18:02:02.037894+00:00] Logger.INFO: El jugador Pepe introduce una ficha en la columna: 4 [] []
[2024-10-29T18:02:02.419864+00:00] Logger.INFO: El jugador Maquinon introduce una ficha en la columna: 3 [] []
[2024-10-29T18:03:47.290313+00:00] Logger.INFO: El jugador Pepe introduce una ficha en la columna: 4 [] []
[2024-10-29T18:03:47.789075+00:00] Logger.INFO: El jugador Maquinon introduce una ficha en la columna: 5 [] []
[2024-10-29T18:03:54.194405+00:00] Logger.INFO: El jugador Pepe introduce una ficha en la columna: 4 [] []
[2024-10-29T18:03:54.522078+00:00] Logger.INFO: El jugador Maquinon introduce una ficha en la columna: 5 [] []
[2024-10-29T18:04:03.613226+00:00] Logger.INFO: El jugador Pepe introduce una ficha en la columna: 4 [] []
[2024-10-29T18:04:03.838581+00:00] Logger.INFO: El jugador Maquinon introduce una ficha en la columna: 5 [] []
[2024-10-29T18:04:04.365477+00:00] Logger.INFO: El jugador Pepe introduce una ficha en la columna: 4 [] []
[2024-10-29T18:04:04.781884+00:00] Logger.INFO: El jugador Maquinon introduce una ficha en la columna: 5 [] []
[2024-10-29T18:04:05.848164+00:00] Logger.INFO: El jugador Pepe introduce una ficha en la columna: 6 [] []
[2024-10-29T18:04:07.740373+00:00] Logger.INFO: El jugador Maquinon introduce una ficha en la columna:  [] []
[2024-10-29T18:04:10.114810+00:00] Logger.INFO: El jugador Pepe introduce una ficha en la columna: 4 [] []
[2024-10-29T18:04:10.656208+00:00] Logger.INFO: El jugador Maquinon introduce una ficha en la columna: 4 [] []
[2024-10-29T18:04:11.082419+00:00] Logger.INFO: El jugador Pepe introduce una ficha en la columna: 4 [] []
[2024-10-29T18:04:11.448100+00:00] Logger.INFO: El jugador Maquinon introduce una ficha en la columna: 3 [] []
[2024-10-29T18:04:11.872387+00:00] Logger.INFO: El jugador Pepe introduce una ficha en la columna: 4 [] []
[2024-10-29T18:04:12.401579+00:00] Logger.INFO: El jugador Maquinon introduce una ficha en la columna: 3 [] []
[2024-10-29T18:04:12.945520+00:00] Logger.INFO: El jugador Pepe introduce una ficha en la columna: 4 [] []
[2024-10-29T18:04:14.216529+00:00] Logger.INFO: El jugador Maquinon introduce una ficha en la columna: 3 [] []
[2024-10-29T18:04:15.782303+00:00] Logger.INFO: El jugador Pepe introduce una ficha en la columna: 3 [] []
[2024-10-29T18:04:17.602305+00:00] Logger.INFO: El jugador Maquinon introduce una ficha en la columna: 4 [] []
[2024-10-29T18:04:18.965503+00:00] Logger.INFO: El jugador Pepe introduce una ficha en la columna: 4 [] []
[2024-10-29T18:04:19.427261+00:00] Logger.INFO: El jugador Maquinon introduce una ficha en la columna: 5 [] []
[2024-10-29T18:04:19.832156+00:00] Logger.INFO: El jugador Pepe introduce una ficha en la columna: 4 [] []
[2024-10-29T18:04:20.178434+00:00] Logger.INFO: El jugador Maquinon introduce una ficha en la columna: 3 [] []
[2024-10-29T18:04:20.796390+00:00] Logger.INFO: El jugador Pepe introduce una ficha en la columna: 4 [] []
[2024-10-29T18:04:21.457124+00:00] Logger.INFO: El jugador Maquinon introduce una ficha en la columna: 4 [] []
[2024-10-29T18:04:21.696086+00:00] Logger.INFO: El jugador Pepe introduce una ficha en la columna: 4 [] []
[2024-10-29T18:04:22.072602+00:00] Logger.INFO: El jugador Maquinon introduce una ficha en la columna: 5 [] []
[2024-10-29T18:04:23.092860+00:00] Logger.INFO: El jugador Pepe introduce una ficha en la columna: 4 [] []
[2024-10-29T18:04:25.086046+00:00] Logger.INFO: El jugador Maquinon introduce una ficha en la columna: 4 [] []
[2024-10-29T18:04:25.452969+00:00] Logger.INFO: El jugador Pepe introduce una ficha en la columna: 3 [] []
[2024-10-29T18:04:25.997550+00:00] Logger.INFO: El jugador Maquinon introduce una ficha en la columna: 3 [] []
[2024-10-29T18:04:26.415199+00:00] Logger.INFO: El jugador Pepe introduce una ficha en la columna: 3 [] []
[2024-10-29T18:04:26.783320+00:00] Logger.INFO: El jugador Maquinon introduce una ficha en la columna: 5 [] []
[2024-10-29T18:04:27.678833+00:00] Logger.INFO: El jugador Pepe introduce una ficha en la columna: 3 [] []
[2024-10-29T18:08:29.695410+00:00] Logger.INFO: El jugador Maquinon introduce una ficha en la columna:  [] []
[2024-10-29T18:08:32.596261+00:00] Logger.INFO: El jugador Pepe introduce una ficha en la columna: 4 [] []
[2024-10-29T18:08:32.988806+00:00] Logger.INFO: El jugador Maquinon introduce una ficha en la columna: 5 [] []
[2024-10-29T18:08:33.373866+00:00] Logger.INFO: El jugador Pepe introduce una ficha en la columna: 4 [] []
[2024-10-29T18:08:33.692838+00:00] Logger.INFO: El jugador Maquinon introduce una ficha en la columna: 5 [] []
[2024-10-29T18:08:33.891642+00:00] Logger.INFO: El jugador Pepe introduce una ficha en la columna: 4 [] []
[2024-10-29T18:08:35.281324+00:00] Logger.INFO: El jugador Maquinon introduce una ficha en la columna: 4 [] []
[2024-10-29T18:08:36.712379+00:00] Logger.INFO: El jugador Pepe introduce una ficha en la columna: 4 [] []
[2024-10-29T18:08:37.069238+00:00] Logger.INFO: El jugador Maquinon introduce una ficha en la columna: 5 [] []
[2024-10-29T18:08:37.446401+00:00] Logger.INFO: El jugador Pepe introduce una ficha en la columna: 4 [] []
[2024-10-29T18:08:37.798222+00:00] Logger.INFO: El jugador Maquinon introduce una ficha en la columna:  [] []
[2024-10-29T18:08:40.958350+00:00] Logger.INFO: El jugador Pepe introduce una ficha en la columna: 4 [] []
[2024-10-29T18:08:41.286179+00:00] Logger.INFO: El jugador Maquinon introduce una ficha en la columna: 4 [] []
[2024-10-29T18:08:41.692496+00:00] Logger.INFO: El jugador Pepe introduce una ficha en la columna: 4 [] []
[2024-10-29T18:08:42.131563+00:00] Logger.INFO: El jugador Maquinon introduce una ficha en la columna: 4 [] []
[2024-10-29T18:08:42.536156+00:00] Logger.INFO: El jugador Pepe introduce una ficha en la columna: 4 [] []
[2024-10-29T18:08:42.929361+00:00] Logger.INFO: El jugador Maquinon introduce una ficha en la columna: 4 [] []
[2024-10-29T18:08:43.414743+00:00] Logger.INFO: El jugador Pepe introduce una ficha en la columna: 4 [] []
[2024-10-29T18:08:43.825255+00:00] Logger.INFO: El jugador Maquinon introduce una ficha en la columna: 3 [] []
[2024-10-29T18:08:44.196342+00:00] Logger.INFO: El jugador Pepe introduce una ficha en la columna: 4 [] []
[2024-10-29T18:08:44.579825+00:00] Logger.INFO: El jugador Maquinon introduce una ficha en la columna: 4 [] []
[2024-10-29T18:08:44.929744+00:00] Logger.INFO: El jugador Pepe introduce una ficha en la columna: 4 [] []
[2024-10-29T18:08:45.298264+00:00] Logger.INFO: El jugador Maquinon introduce una ficha en la columna: 3 [] []
[2024-10-29T18:08:45.551847+00:00] Logger.INFO: El jugador Pepe introduce una ficha en la columna: 4 [] []
[2024-10-29T18:08:45.686712+00:00] Logger.INFO: El jugador Maquinon introduce una ficha en la columna: 3 [] []
[2024-10-29T18:08:45.936513+00:00] Logger.INFO: El jugador Pepe introduce una ficha en la columna: 4 [] []
[2024-10-29T18:08:46.108762+00:00] Logger.INFO: El jugador Maquinon introduce una ficha en la columna:  [] []
[2024-10-29T18:09:35.168531+00:00] Logger.INFO: El jugador Pepe introduce una ficha en la columna: 4 [] []
[2024-10-29T18:09:35.456286+00:00] Logger.INFO: El jugador Maquinon introduce una ficha en la columna: 3 [] []
[2024-10-29T18:09:35.777416+00:00] Logger.INFO: El jugador Pepe introduce una ficha en la columna: 4 [] []
[2024-10-29T18:09:36.046539+00:00] Logger.INFO: El jugador Maquinon introduce una ficha en la columna: 4 [] []
[2024-10-29T18:09:36.358356+00:00] Logger.INFO: El jugador Pepe introduce una ficha en la columna: 4 [] []
[2024-10-29T18:09:36.738139+00:00] Logger.INFO: El jugador Maquinon introduce una ficha en la columna: 3 [] []
[2024-10-29T18:09:37.021572+00:00] Logger.INFO: El jugador Pepe introduce una ficha en la columna: 4 [] []
[2024-10-29T18:09:37.366843+00:00] Logger.INFO: El jugador Maquinon introduce una ficha en la columna: 3 [] []
[2024-10-29T18:09:37.727286+00:00] Logger.INFO: El jugador Pepe introduce una ficha en la columna: 4 [] []
[2024-10-29T18:09:38.115302+00:00] Logger.INFO: El jugador Maquinon introduce una ficha en la columna:  [] []
[2024-10-29T18:09:41.565906+00:00] Logger.INFO: El jugador Pepe introduce una ficha en la columna: 4 [] []
[2024-10-29T18:09:41.951717+00:00] Logger.INFO: El jugador Maquinon introduce una ficha en la columna: 3 [] []
[2024-10-29T18:09:42.266832+00:00] Logger.INFO: El jugador Pepe introduce una ficha en la columna: 4 [] []
[2024-10-29T18:09:42.612507+00:00] Logger.INFO: El jugador Maquinon introduce una ficha en la columna: 5 [] []
[2024-10-29T18:09:42.996951+00:00] Logger.INFO: El jugador Pepe introduce una ficha en la columna: 4 [] []
[2024-10-29T18:09:43.451919+00:00] Logger.INFO: El jugador Maquinon introduce una ficha en la columna: 5 [] []
[2024-10-29T18:09:44.831833+00:00] Logger.INFO: El jugador Pepe introduce una ficha en la columna: 5 [] []
[2024-10-29T18:09:46.191207+00:00] Logger.INFO: El jugador Maquinon introduce una ficha en la columna: 4 [] []
[2024-10-29T18:09:46.794736+00:00] Logger.INFO: El jugador Pepe introduce una ficha en la columna: 4 [] []
[2024-10-29T18:09:47.137506+00:00] Logger.INFO: El jugador Maquinon introduce una ficha en la columna: 4 [] []
[2024-10-29T18:09:47.583271+00:00] Logger.ERROR: Error, columna 4 [] []
[2024-10-29T18:09:48.683048+00:00] Logger.ERROR: Error, columna 4 [] []
[2024-10-29T18:09:48.985406+00:00] Logger.ERROR: Error, columna 4 [] []
[2024-10-29T18:09:49.495485+00:00] Logger.ERROR: Error, columna 4 [] []
[2024-10-29T18:09:49.902495+00:00] Logger.ERROR: Error, columna 4 [] []
[2024-10-29T18:09:50.186578+00:00] Logger.ERROR: Error, columna 4 [] []
[2024-10-29T18:09:50.427585+00:00] Logger.ERROR: Error, columna 4 [] []
[2024-10-29T18:09:50.776171+00:00] Logger.ERROR: Error, columna 4 [] []
[2024-10-29T18:09:51.171001+00:00] Logger.ERROR: Error, columna 4 [] []
[2024-10-29T18:09:51.422217+00:00] Logger.ERROR: Error, columna 4 [] []
[2024-10-29T18:09:51.682696+00:00] Logger.ERROR: Error, columna 4 [] []
[2024-10-29T18:09:52.181237+00:00] Logger.ERROR: Error, columna 4 [] []
[2024-10-29T18:09:52.246466+00:00] Logger.ERROR: Error, columna 4 [] []
[2024-10-29T18:09:52.445009+00:00] Logger.ERROR: Error, columna 4 [] []
[2024-10-29T18:09:52.695568+00:00] Logger.ERROR: Error, columna 4 [] []
[2024-10-29T18:09:53.160620+00:00] Logger.ERROR: Error, columna 4 [] []
[2024-10-29T18:09:53.350422+00:00] Logger.ERROR: Error, columna 4 [] []
[2024-10-29T18:09:53.713590+00:00] Logger.ERROR: Error, columna 4 [] []
[2024-10-29T18:09:53.906161+00:00] Logger.ERROR: Error, columna 4 [] []
[2024-10-29T18:09:56.379367+00:00] Logger.ERROR: Error, columna 4 [] []
[2024-10-29T18:09:57.152242+00:00] Logger.ERROR: Error, columna 4 [] []
[2024-10-29T18:09:59.742627+00:00] Logger.ERROR: Error, columna 4 [] []
[2024-10-29T18:10:00.097502+00:00] Logger.ERROR: Error, columna 4 [] []
[2024-10-29T18:10:00.318918+00:00] Logger.ERROR: Error, columna 4 [] []
[2024-10-29T18:10:00.454904+00:00] Logger.ERROR: Error, columna 4 [] []
[2024-10-29T18:10:00.785524+00:00] Logger.ERROR: Error, columna 4 [] []
[2024-10-29T18:10:01.071538+00:00] Logger.ERROR: Error, columna 4 [] []
[2024-10-29T18:10:01.218414+00:00] Logger.ERROR: Error, columna 4 [] []
[2024-10-29T18:11:16.654655+00:00] Logger.ERROR: Error, columna 4 [] []
[2024-10-29T18:11:19.629472+00:00] Logger.INFO: El jugador Pepe introduce una ficha en la columna: 4 [] []
[2024-10-29T18:11:19.773792+00:00] Logger.INFO: El jugador Maquinon introduce una ficha en la columna: 5 [] []
[2024-10-29T18:11:19.989463+00:00] Logger.INFO: El jugador Pepe introduce una ficha en la columna: 4 [] []
[2024-10-29T18:11:20.177484+00:00] Logger.INFO: El jugador Maquinon introduce una ficha en la columna: 4 [] []
[2024-10-29T18:11:20.377813+00:00] Logger.INFO: El jugador Pepe introduce una ficha en la columna: 4 [] []
[2024-10-29T18:11:20.576218+00:00] Logger.INFO: El jugador Maquinon introduce una ficha en la columna: 4 [] []
[2024-10-29T18:11:20.754530+00:00] Logger.INFO: El jugador Pepe introduce una ficha en la columna: 4 [] []
[2024-10-29T18:11:20.955756+00:00] Logger.INFO: El jugador Maquinon introduce una ficha en la columna: 6 [] []
[2024-10-29T18:11:21.202763+00:00] Logger.ERROR: Error, columna 4 [] []
[2024-10-29T18:11:21.415708+00:00] Logger.ERROR: Error, columna 4 [] []
[2024-10-29T18:11:21.748870+00:00] Logger.ERROR: Error, columna 4 [] []
[2024-10-29T18:11:21.954757+00:00] Logger.ERROR: Error, columna 4 [] []
[2024-10-29T18:11:22.152992+00:00] Logger.ERROR: Error, columna 4 [] []
[2024-10-29T18:11:22.499280+00:00] Logger.ERROR: Error, columna 4 [] []
[2024-10-29T18:11:22.911964+00:00] Logger.ERROR: Error, columna 4 [] []
[2024-10-29T18:11:23.151057+00:00] Logger.ERROR: Error, columna 4 [] []
[2024-10-29T18:11:23.390044+00:00] Logger.ERROR: Error, columna 4 [] []
[2024-10-29T18:11:23.645816+00:00] Logger.ERROR: Error, columna 4 [] []
[2024-10-29T18:11:23.909119+00:00] Logger.ERROR: Error, columna 4 [] []
[2024-10-29T18:11:24.146587+00:00] Logger.ERROR: Error, columna 4 [] []
[2024-10-29T18:11:24.356005+00:00] Logger.ERROR: Error, columna 4 [] []
[2024-10-29T18:11:24.542208+00:00] Logger.ERROR: Error, columna 4 [] []
[2024-10-29T18:11:25.601095+00:00] Logger.ERROR: Error, columna 4 [] []
[2024-10-29T18:11:26.291303+00:00] Logger.ERROR: Error, columna 4 [] []
[2024-10-29T18:29:58.167360+00:00] Logger.INFO: El jugador Pepe introduce una ficha en la columna: 5 [] []
[2024-10-29T18:29:58.536463+00:00] Logger.INFO: El jugador Maquinon introduce una ficha en la columna: 3 [] []
[2024-10-29T18:29:58.859977+00:00] Logger.INFO: El jugador Pepe introduce una ficha en la columna: 5 [] []
[2024-10-29T18:29:59.257208+00:00] Logger.INFO: El jugador Maquinon introduce una ficha en la columna: 5 [] []
[2024-10-29T18:29:59.607648+00:00] Logger.INFO: El jugador Pepe introduce una ficha en la columna: 5 [] []
[2024-10-29T18:29:59.786886+00:00] Logger.INFO: El jugador Maquinon introduce una ficha en la columna: 4 [] []
[2024-10-29T18:29:59.969357+00:00] Logger.INFO: El jugador Pepe introduce una ficha en la columna: 5 [] []
[2024-10-29T18:30:00.149758+00:00] Logger.INFO: El jugador Maquinon introduce una ficha en la columna: 5 [] []
[2024-10-29T18:30:00.335877+00:00] Logger.ERROR: Error, columna 5 [] []
[2024-10-29T18:30:00.509084+00:00] Logger.ERROR: Error, columna 5 [] []
[2024-10-29T18:30:00.903893+00:00] Logger.ERROR: Error, columna 5 [] []
[2024-10-29T18:30:01.220015+00:00] Logger.ERROR: Error, columna 5 [] []
